<?xml version="1.0" encoding="UTF-8"?>
<testsuite name="de.phonebook.test.LoginTest" tests="1" skipped="0" failures="0" errors="0" timestamp="2026-08-18T08:28:28.155Z" hostname="AIT-PC" time="1.405">
  <properties/>
  <testcase name="loginRegisteredUserPositiveTest" classname="de.phonebook.test.LoginTest" time="1.373"/>
  <system-out><![CDATA[10:28:28.159 [Test worker] INFO  de.phonebook.core.TestBase -- Start test loginRegisteredUserPositiveTest
10:28:29.564 [Test worker] INFO  de.phonebook.core.TestBase -- PASSED: loginRegisteredUserPositiveTest
10:28:29.565 [Test worker] INFO  de.phonebook.core.TestBase -- Stop test
10:28:29.565 [Test worker] INFO  de.phonebook.core.TestBase -- *****************
]]></system-out>
  <system-err><![CDATA[]]></system-err>
</testsuite>
